<?xml version="1.0" encoding="UTF-8"?>
<!-- Generated by org.testng.reporters.JUnitReportReporter -->
<testsuite hostname="Manju12Yadav" failures="0" tests="1" name="com.actitime.testscripts.TaskModule" time="35.663" errors="0" timestamp="2023-01-25T11:18:07 IST" skipped="0">
  <testcase classname="com.actitime.testscripts.TaskModule" name="testCreateTask" time="35.663"/>
  <system-out>
    <![CDATA[Create Task]]>
  </system-out>
</testsuite> <!-- com.actitime.testscripts.TaskModule -->
