<?xml version="1.0" encoding="UTF-8"?>
<!-- Generated by org.testng.reporters.JUnitReportReporter -->
<testsuite hostname="Manju12Yadav" failures="0" tests="1" name="com.actitime.testscripts.ProjectModule" time="31.175" errors="0" timestamp="2023-01-25T11:15:46 IST" skipped="0">
  <testcase classname="com.actitime.testscripts.ProjectModule" name="testCreateProject" time="31.175"/>
  <system-out>
    <![CDATA[Create Project]]>
  </system-out>
</testsuite> <!-- com.actitime.testscripts.ProjectModule -->
