<?xml version="1.0" encoding="UTF-8"?>
<!-- Generated by org.testng.reporters.JUnitReportReporter -->
<testsuite hostname="Manju12Yadav" failures="0" tests="2" name="com.actitime.testscripts.CustomerModule" time="46.621" errors="0" timestamp="2023-01-25T11:14:50 IST" skipped="0">
  <testcase classname="com.actitime.testscripts.CustomerModule" name="testDeleteCustomer" time="18.459"/>
  <system-out>
    <![CDATA[Delete Customer]]>
  </system-out>
  <testcase classname="com.actitime.testscripts.CustomerModule" name="testCreateCustomer" time="28.162"/>
  <system-out>
    <![CDATA[Create Customer]]>
  </system-out>
</testsuite> <!-- com.actitime.testscripts.CustomerModule -->
